<?xml version="1.0" ?>
<coverage branch-rate="0.602" branches-covered="59" branches-valid="98" complexity="0" line-rate="0.7975" lines-covered="252" lines-valid="316" timestamp="1612106222953" version="5.1">
	<!-- Generated by coverage.py: https://coverage.readthedocs.io -->
	<!-- Based on https://raw.githubusercontent.com/cobertura/web/master/htdocs/xml/coverage-04.dtd -->
	<sources>
		<source>/app</source>
	</sources>
	<packages>
		<package branch-rate="0.602" complexity="0" line-rate="0.7975" name="src.ska_sdp_workflow">
			<classes>
				<class branch-rate="1" complexity="0" filename="src/ska_sdp_workflow/buffer_request.py" line-rate="1" name="buffer_request.py">
					<methods/>
					<lines>
						<line hits="1" number="4"/>
						<line hits="1" number="6"/>
						<line hits="1" number="9"/>
						<line hits="1" number="21"/>
						<line hits="1" number="22"/>
					</lines>
				</class>
				<class branch-rate="0.8333" complexity="0" filename="src/ska_sdp_workflow/dask_deploy.py" line-rate="0.8611" name="dask_deploy.py">
					<methods/>
					<lines>
						<line hits="1" number="5"/>
						<line hits="1" number="6"/>
						<line hits="1" number="7"/>
						<line hits="1" number="8"/>
						<line hits="1" number="9"/>
						<line hits="1" number="10"/>
						<line hits="1" number="12"/>
						<line hits="1" number="14"/>
						<line hits="1" number="17"/>
						<line hits="1" number="49"/>
						<line hits="1" number="50"/>
						<line hits="1" number="51"/>
						<line hits="1" number="61"/>
						<line hits="1" number="63"/>
						<line hits="1" number="75"/>
						<line hits="1" number="76"/>
						<line hits="1" number="77"/>
						<line hits="1" number="80"/>
						<line hits="1" number="82"/>
						<line branch="true" condition-coverage="100% (2/2)" hits="1" number="99"/>
						<line hits="1" number="100"/>
						<line hits="1" number="102"/>
						<line hits="1" number="103"/>
						<line branch="true" condition-coverage="100% (2/2)" hits="1" number="105"/>
						<line hits="1" number="106"/>
						<line hits="1" number="107"/>
						<line hits="1" number="113"/>
						<line hits="1" number="114"/>
						<line branch="true" condition-coverage="50% (1/2)" hits="1" missing-branches="118" number="115"/>
						<line hits="1" number="116"/>
						<line hits="1" number="117"/>
						<line hits="0" number="118"/>
						<line hits="0" number="121"/>
						<line hits="0" number="122"/>
						<line hits="0" number="123"/>
						<line hits="0" number="126"/>
					</lines>
				</class>
				<class branch-rate="0.2" complexity="0" filename="src/ska_sdp_workflow/ee_base_deploy.py" line-rate="0.5714" name="ee_base_deploy.py">
					<methods/>
					<lines>
						<line hits="1" number="4"/>
						<line hits="1" number="14"/>
						<line hits="1" number="15"/>
						<line hits="1" number="16"/>
						<line hits="1" number="17"/>
						<line hits="1" number="19"/>
						<line branch="true" condition-coverage="100% (2/2)" hits="1" number="27"/>
						<line hits="1" number="28"/>
						<line hits="1" number="29"/>
						<line hits="1" number="30"/>
						<line hits="1" number="31"/>
						<line hits="1" number="32"/>
						<line hits="1" number="34"/>
						<line hits="1" number="42"/>
						<line hits="1" number="44"/>
						<line branch="true" condition-coverage="0% (0/2)" hits="0" missing-branches="exit,53" number="52"/>
						<line hits="0" number="53"/>
						<line hits="0" number="54"/>
						<line hits="1" number="56"/>
						<line hits="0" number="65"/>
						<line hits="0" number="66"/>
						<line branch="true" condition-coverage="0% (0/2)" hits="0" missing-branches="68,73" number="67"/>
						<line branch="true" condition-coverage="0% (0/2)" hits="0" missing-branches="69,73" number="68"/>
						<line hits="0" number="69"/>
						<line branch="true" condition-coverage="0% (0/2)" hits="0" missing-branches="71,72" number="70"/>
						<line hits="0" number="71"/>
						<line hits="0" number="72"/>
						<line hits="0" number="73"/>
					</lines>
				</class>
				<class branch-rate="1" complexity="0" filename="src/ska_sdp_workflow/fake_deploy.py" line-rate="0.4118" name="fake_deploy.py">
					<methods/>
					<lines>
						<line hits="1" number="4"/>
						<line hits="1" number="5"/>
						<line hits="1" number="7"/>
						<line hits="1" number="9"/>
						<line hits="1" number="12"/>
						<line hits="1" number="35"/>
						<line hits="0" number="43"/>
						<line hits="0" number="44"/>
						<line hits="0" number="53"/>
						<line hits="1" number="55"/>
						<line hits="0" number="66"/>
						<line hits="0" number="67"/>
						<line hits="0" number="68"/>
						<line hits="0" number="70"/>
						<line hits="0" number="71"/>
						<line hits="0" number="72"/>
						<line hits="0" number="73"/>
					</lines>
				</class>
				<class branch-rate="0.5" complexity="0" filename="src/ska_sdp_workflow/feature_toggle.py" line-rate="0.9231" name="feature_toggle.py">
					<methods/>
					<lines>
						<line hits="1" number="3"/>
						<line hits="1" number="6"/>
						<line hits="1" number="9"/>
						<line hits="1" number="16"/>
						<line hits="1" number="17"/>
						<line hits="1" number="19"/>
						<line hits="1" number="25"/>
						<line hits="1" number="27"/>
						<line hits="1" number="33"/>
						<line branch="true" condition-coverage="50% (1/2)" hits="1" missing-branches="35" number="34"/>
						<line hits="0" number="35"/>
						<line hits="1" number="37"/>
						<line hits="1" number="38"/>
					</lines>
				</class>
				<class branch-rate="0.75" complexity="0" filename="src/ska_sdp_workflow/helm_deploy.py" line-rate="0.9444" name="helm_deploy.py">
					<methods/>
					<lines>
						<line hits="1" number="3"/>
						<line hits="1" number="4"/>
						<line hits="1" number="6"/>
						<line hits="1" number="8"/>
						<line hits="1" number="11"/>
						<line hits="1" number="28"/>
						<line hits="1" number="29"/>
						<line hits="1" number="30"/>
						<line hits="1" number="32"/>
						<line hits="1" number="40"/>
						<line hits="1" number="41"/>
						<line hits="1" number="42"/>
						<line hits="1" number="44"/>
						<line branch="true" condition-coverage="50% (1/2)" hits="1" missing-branches="49" number="48"/>
						<line hits="0" number="49"/>
						<line hits="1" number="51"/>
						<line branch="true" condition-coverage="100% (2/2)" hits="1" number="52"/>
						<line hits="1" number="53"/>
					</lines>
				</class>
				<class branch-rate="0.537" complexity="0" filename="src/ska_sdp_workflow/phase.py" line-rate="0.7328" name="phase.py">
					<methods/>
					<lines>
						<line hits="1" number="5"/>
						<line hits="1" number="7"/>
						<line hits="1" number="8"/>
						<line hits="1" number="9"/>
						<line hits="1" number="11"/>
						<line hits="1" number="14"/>
						<line hits="1" number="35"/>
						<line hits="1" number="36"/>
						<line hits="1" number="37"/>
						<line hits="1" number="38"/>
						<line hits="1" number="39"/>
						<line hits="1" number="40"/>
						<line hits="1" number="41"/>
						<line hits="1" number="42"/>
						<line hits="1" number="43"/>
						<line hits="1" number="44"/>
						<line hits="1" number="45"/>
						<line hits="1" number="47"/>
						<line branch="true" condition-coverage="100% (2/2)" hits="1" number="55"/>
						<line hits="1" number="56"/>
						<line hits="1" number="59"/>
						<line branch="true" condition-coverage="100% (2/2)" hits="1" number="60"/>
						<line hits="1" number="61"/>
						<line hits="1" number="62"/>
						<line hits="1" number="63"/>
						<line hits="1" number="64"/>
						<line hits="1" number="67"/>
						<line branch="true" condition-coverage="100% (2/2)" hits="1" number="68"/>
						<line hits="1" number="69"/>
						<line hits="1" number="70"/>
						<line hits="1" number="71"/>
						<line branch="true" condition-coverage="50% (1/2)" hits="1" missing-branches="73" number="72"/>
						<line hits="0" number="73"/>
						<line hits="0" number="74"/>
						<line hits="1" number="75"/>
						<line branch="true" condition-coverage="100% (2/2)" hits="1" number="78"/>
						<line hits="1" number="79"/>
						<line hits="1" number="80"/>
						<line branch="true" condition-coverage="50% (1/2)" hits="1" missing-branches="78" number="81"/>
						<line hits="1" number="82"/>
						<line hits="1" number="83"/>
						<line hits="1" number="86"/>
						<line branch="true" condition-coverage="100% (2/2)" hits="1" number="87"/>
						<line hits="1" number="88"/>
						<line hits="1" number="89"/>
						<line hits="1" number="90"/>
						<line hits="1" number="91"/>
						<line hits="1" number="93"/>
						<line hits="1" number="104"/>
						<line hits="1" number="105"/>
						<line hits="1" number="106"/>
						<line branch="true" condition-coverage="50% (1/2)" hits="1" missing-branches="108" number="107"/>
						<line hits="0" number="108"/>
						<line branch="true" condition-coverage="50% (1/2)" hits="1" missing-branches="111" number="110"/>
						<line hits="0" number="111"/>
						<line branch="true" condition-coverage="100% (2/2)" hits="1" number="113"/>
						<line hits="1" number="114"/>
						<line hits="1" number="115"/>
						<line hits="1" number="116"/>
						<line branch="true" condition-coverage="50% (1/2)" hits="1" missing-branches="118" number="117"/>
						<line hits="0" number="118"/>
						<line hits="1" number="120"/>
						<line hits="0" number="136"/>
						<line hits="1" number="140"/>
						<line hits="1" number="154"/>
						<line hits="1" number="155"/>
						<line hits="1" number="156"/>
						<line hits="1" number="158"/>
						<line hits="1" number="174"/>
						<line hits="1" number="176"/>
						<line branch="true" condition-coverage="100% (2/2)" hits="1" number="180"/>
						<line hits="1" number="181"/>
						<line hits="1" number="182"/>
						<line branch="true" condition-coverage="100% (2/2)" hits="1" number="183"/>
						<line branch="true" condition-coverage="50% (1/2)" hits="1" missing-branches="185" number="184"/>
						<line hits="0" number="185"/>
						<line branch="true" condition-coverage="0% (0/2)" hits="0" missing-branches="183,187" number="186"/>
						<line hits="0" number="187"/>
						<line hits="1" number="189"/>
						<line hits="0" number="198"/>
						<line hits="0" number="199"/>
						<line branch="true" condition-coverage="0% (0/2)" hits="0" missing-branches="201,207" number="200"/>
						<line hits="0" number="201"/>
						<line branch="true" condition-coverage="0% (0/2)" hits="0" missing-branches="203,204" number="202"/>
						<line hits="0" number="203"/>
						<line branch="true" condition-coverage="0% (0/2)" hits="0" missing-branches="205,206" number="204"/>
						<line hits="0" number="205"/>
						<line hits="0" number="206"/>
						<line hits="0" number="207"/>
						<line hits="1" number="209"/>
						<line branch="true" condition-coverage="50% (1/2)" hits="1" missing-branches="220" number="219"/>
						<line hits="0" number="220"/>
						<line branch="true" condition-coverage="100% (2/2)" hits="1" number="222"/>
						<line hits="1" number="224"/>
						<line branch="true" condition-coverage="50% (1/2)" hits="1" missing-branches="228" number="225"/>
						<line hits="1" number="226"/>
						<line hits="0" number="228"/>
						<line hits="0" number="229"/>
						<line hits="1" number="230"/>
						<line hits="1" number="232"/>
						<line branch="true" condition-coverage="0% (0/2)" hits="0" missing-branches="exit,237" number="236"/>
						<line hits="0" number="237"/>
						<line hits="0" number="238"/>
						<line branch="true" condition-coverage="0% (0/2)" hits="0" missing-branches="240,243" number="239"/>
						<line branch="true" condition-coverage="0% (0/2)" hits="0" missing-branches="241,243" number="240"/>
						<line hits="0" number="241"/>
						<line branch="true" condition-coverage="0% (0/2)" hits="0" missing-branches="244,246" number="243"/>
						<line hits="0" number="244"/>
						<line hits="0" number="246"/>
						<line hits="1" number="248"/>
						<line branch="true" condition-coverage="100% (2/2)" hits="1" number="254"/>
						<line hits="1" number="257"/>
						<line branch="true" condition-coverage="50% (1/2)" hits="1" missing-branches="261" number="258"/>
						<line hits="1" number="259"/>
						<line hits="1" number="261"/>
						<line hits="1" number="263"/>
					</lines>
				</class>
				<class branch-rate="1" complexity="0" filename="src/ska_sdp_workflow/version.py" line-rate="1" name="version.py">
					<methods/>
					<lines>
						<line hits="1" number="3"/>
					</lines>
				</class>
				<class branch-rate="0.8636" complexity="0" filename="src/ska_sdp_workflow/workflow.py" line-rate="0.9512" name="workflow.py">
					<methods/>
					<lines>
						<line hits="1" number="5"/>
						<line hits="1" number="6"/>
						<line hits="1" number="7"/>
						<line hits="1" number="8"/>
						<line hits="1" number="9"/>
						<line hits="1" number="11"/>
						<line hits="1" number="12"/>
						<line hits="1" number="13"/>
						<line hits="1" number="15"/>
						<line hits="1" number="18"/>
						<line hits="1" number="19"/>
						<line hits="1" number="20"/>
						<line hits="1" number="23"/>
						<line hits="1" number="25"/>
						<line hits="1" number="26"/>
						<line hits="1" number="27"/>
						<line hits="1" number="28"/>
						<line hits="1" number="31"/>
						<line hits="1" number="39"/>
						<line hits="1" number="41"/>
						<line hits="1" number="42"/>
						<line branch="true" condition-coverage="50% (1/2)" hits="1" missing-branches="46" number="45"/>
						<line hits="0" number="46"/>
						<line hits="1" number="48"/>
						<line hits="1" number="49"/>
						<line branch="true" condition-coverage="100% (2/2)" hits="1" number="52"/>
						<line hits="1" number="53"/>
						<line hits="1" number="54"/>
						<line hits="1" number="55"/>
						<line hits="1" number="58"/>
						<line hits="1" number="61"/>
						<line hits="1" number="63"/>
						<line hits="1" number="72"/>
						<line hits="1" number="73"/>
						<line hits="1" number="76"/>
						<line branch="true" condition-coverage="100% (2/2)" hits="1" number="77"/>
						<line hits="1" number="78"/>
						<line hits="1" number="79"/>
						<line hits="1" number="80"/>
						<line hits="1" number="83"/>
						<line branch="true" condition-coverage="100% (2/2)" hits="1" number="84"/>
						<line hits="1" number="85"/>
						<line hits="1" number="86"/>
						<line hits="1" number="87"/>
						<line hits="1" number="89"/>
						<line hits="1" number="100"/>
						<line branch="true" condition-coverage="50% (1/2)" hits="1" missing-branches="102" number="101"/>
						<line hits="0" number="102"/>
						<line hits="1" number="104"/>
						<line hits="1" number="106"/>
						<line hits="1" number="116"/>
						<line branch="true" condition-coverage="100% (2/2)" hits="1" number="117"/>
						<line hits="1" number="118"/>
						<line hits="1" number="119"/>
						<line hits="1" number="121"/>
						<line hits="1" number="123"/>
						<line hits="1" number="138"/>
						<line hits="1" number="140"/>
						<line hits="1" number="157"/>
						<line hits="1" number="158"/>
						<line hits="1" number="159"/>
						<line hits="1" number="163"/>
						<line hits="0" number="166"/>
						<line hits="0" number="167"/>
						<line hits="1" number="173"/>
						<line hits="1" number="181"/>
						<line hits="1" number="182"/>
						<line branch="true" condition-coverage="100% (2/2)" hits="1" number="183"/>
						<line branch="true" condition-coverage="100% (2/2)" hits="1" number="184"/>
						<line hits="1" number="185"/>
						<line branch="true" condition-coverage="100% (2/2)" hits="1" number="188"/>
						<line branch="true" condition-coverage="50% (1/2)" hits="1" missing-branches="188" number="189"/>
						<line hits="1" number="190"/>
						<line hits="1" number="199"/>
						<line hits="1" number="200"/>
						<line hits="1" number="201"/>
						<line hits="1" number="203"/>
						<line hits="1" number="213"/>
						<line branch="true" condition-coverage="100% (2/2)" hits="1" number="214"/>
						<line hits="1" number="215"/>
						<line hits="1" number="216"/>
						<line hits="1" number="219"/>
					</lines>
				</class>
			</classes>
		</package>
	</packages>
</coverage>
